<?xml version="1.0" encoding="UTF-8"?>
<testsuite name="com.jojoldu.book.springboot.web.IndexControllerTest" tests="1" skipped="0" failures="0" errors="0" timestamp="2020-09-04T14:18:08" hostname="DESKTOP-0VS6L43" time="0.229">
  <properties/>
  <testcase name="메인페이지_로딩" classname="com.jojoldu.book.springboot.web.IndexControllerTest" time="0.229"/>
  <system-out><![CDATA[2020-09-04 23:18:06.144  INFO 8780 --- [    Test worker] .b.t.c.SpringBootTestContextBootstrapper : Neither @ContextConfiguration nor @ContextHierarchy found for test class [com.jojoldu.book.springboot.web.IndexControllerTest], using SpringBootContextLoader
2020-09-04 23:18:06.145  INFO 8780 --- [    Test worker] o.s.t.c.support.AbstractContextLoader    : Could not detect default resource locations for test class [com.jojoldu.book.springboot.web.IndexControllerTest]: no resource found for suffixes {-context.xml, Context.groovy}.
2020-09-04 23:18:06.145  INFO 8780 --- [    Test worker] t.c.s.AnnotationConfigContextLoaderUtils : Could not detect default configuration classes for test class [com.jojoldu.book.springboot.web.IndexControllerTest]: IndexControllerTest does not declare any static, non-private, non-final, nested classes annotated with @Configuration.
2020-09-04 23:18:06.146  INFO 8780 --- [    Test worker] .b.t.c.SpringBootTestContextBootstrapper : Found @SpringBootConfiguration com.jojoldu.book.springboot.Application for test class com.jojoldu.book.springboot.web.IndexControllerTest
2020-09-04 23:18:06.148  INFO 8780 --- [    Test worker] .b.t.c.SpringBootTestContextBootstrapper : Loaded default TestExecutionListener class names from location [META-INF/spring.factories]: [org.springframework.security.test.context.support.WithSecurityContextTestExecutionListener, org.springframework.security.test.context.support.ReactorContextTestExecutionListener, org.springframework.boot.test.autoconfigure.restdocs.RestDocsTestExecutionListener, org.springframework.boot.test.autoconfigure.web.client.MockRestServiceServerResetTestExecutionListener, org.springframework.boot.test.autoconfigure.web.servlet.MockMvcPrintOnlyOnFailureTestExecutionListener, org.springframework.boot.test.autoconfigure.web.servlet.WebDriverTestExecutionListener, org.springframework.boot.test.mock.mockito.MockitoTestExecutionListener, org.springframework.boot.test.mock.mockito.ResetMocksTestExecutionListener, org.springframework.test.context.web.ServletTestExecutionListener, org.springframework.test.context.support.DirtiesContextBeforeModesTestExecutionListener, org.springframework.test.context.support.DependencyInjectionTestExecutionListener, org.springframework.test.context.support.DirtiesContextTestExecutionListener, org.springframework.test.context.transaction.TransactionalTestExecutionListener, org.springframework.test.context.jdbc.SqlScriptsTestExecutionListener]
2020-09-04 23:18:06.149  INFO 8780 --- [    Test worker] .b.t.c.SpringBootTestContextBootstrapper : Using TestExecutionListeners: [org.springframework.test.context.web.ServletTestExecutionListener@69260eca, org.springframework.test.context.support.DirtiesContextBeforeModesTestExecutionListener@7baac1e9, org.springframework.boot.test.mock.mockito.MockitoTestExecutionListener@59c51976, org.springframework.boot.test.autoconfigure.SpringBootDependencyInjectionTestExecutionListener@6888e725, org.springframework.test.context.support.DirtiesContextTestExecutionListener@3181f4a0, org.springframework.test.context.transaction.TransactionalTestExecutionListener@1c09cef0, org.springframework.test.context.jdbc.SqlScriptsTestExecutionListener@6d767aae, org.springframework.security.test.context.support.WithSecurityContextTestExecutionListener@426819ea, org.springframework.security.test.context.support.ReactorContextTestExecutionListener@7cf2c1f3, org.springframework.boot.test.autoconfigure.restdocs.RestDocsTestExecutionListener@2e5eeed3, org.springframework.boot.test.autoconfigure.web.client.MockRestServiceServerResetTestExecutionListener@70a342bc, org.springframework.boot.test.autoconfigure.web.servlet.MockMvcPrintOnlyOnFailureTestExecutionListener@7206a20b, org.springframework.boot.test.autoconfigure.web.servlet.WebDriverTestExecutionListener@189108e1, org.springframework.boot.test.mock.mockito.ResetMocksTestExecutionListener@41605556]

  .   ____          _            __ _ _
 /\\ / ___'_ __ _ _(_)_ __  __ _ \ \ \ \
( ( )\___ | '_ | '_| | '_ \/ _` | \ \ \ \
 \\/  ___)| |_)| | | | | || (_| |  ) ) ) )
  '  |____| .__|_| |_|_| |_\__, | / / / /
 =========|_|==============|___/=/_/_/_/
 :: Spring Boot ::        (v2.1.7.RELEASE)

2020-09-04 23:18:06.184  INFO 8780 --- [    Test worker] c.j.b.s.web.IndexControllerTest          : Starting IndexControllerTest on DESKTOP-0VS6L43 with PID 8780 (started by 김인교 Levi in C:\Users\김인교 Levi\IdeaProjects\freelec-springboot2-webservice)
2020-09-04 23:18:06.185  INFO 8780 --- [    Test worker] c.j.b.s.web.IndexControllerTest          : No active profile set, falling back to default profiles: default
2020-09-04 23:18:06.460  INFO 8780 --- [    Test worker] .s.d.r.c.RepositoryConfigurationDelegate : Bootstrapping Spring Data repositories in DEFAULT mode.
2020-09-04 23:18:06.488  INFO 8780 --- [    Test worker] .s.d.r.c.RepositoryConfigurationDelegate : Finished Spring Data repository scanning in 28ms. Found 2 repository interfaces.
2020-09-04 23:18:06.648  INFO 8780 --- [    Test worker] trationDelegate$BeanPostProcessorChecker : Bean 'org.springframework.transaction.annotation.ProxyTransactionManagementConfiguration' of type [org.springframework.transaction.annotation.ProxyTransactionManagementConfiguration$$EnhancerBySpringCGLIB$$b12ee8ad] is not eligible for getting processed by all BeanPostProcessors (for example: not eligible for auto-proxying)
2020-09-04 23:18:06.982  INFO 8780 --- [    Test worker] o.s.b.w.embedded.tomcat.TomcatWebServer  : Tomcat initialized with port(s): 0 (http)
2020-09-04 23:18:07.020  INFO 8780 --- [    Test worker] o.apache.catalina.core.StandardService   : Starting service [Tomcat]
2020-09-04 23:18:07.020  INFO 8780 --- [    Test worker] org.apache.catalina.core.StandardEngine  : Starting Servlet engine: [Apache Tomcat/9.0.22]
2020-09-04 23:18:07.197  INFO 8780 --- [    Test worker] o.a.c.c.C.[Tomcat].[localhost].[/]       : Initializing Spring embedded WebApplicationContext
2020-09-04 23:18:07.197  INFO 8780 --- [    Test worker] o.s.web.context.ContextLoader            : Root WebApplicationContext: initialization completed in 1006 ms
2020-09-04 23:18:07.412  INFO 8780 --- [    Test worker] com.zaxxer.hikari.HikariDataSource       : HikariPool-2 - Starting...
2020-09-04 23:18:07.414  INFO 8780 --- [    Test worker] com.zaxxer.hikari.HikariDataSource       : HikariPool-2 - Start completed.
2020-09-04 23:18:07.451  INFO 8780 --- [    Test worker] o.hibernate.jpa.internal.util.LogHelper  : HHH000204: Processing PersistenceUnitInfo [
	name: default
	...]
2020-09-04 23:18:07.461  INFO 8780 --- [    Test worker] org.hibernate.dialect.Dialect            : HHH000400: Using dialect: org.hibernate.dialect.MySQL5InnoDBDialect
Hibernate: drop table if exists posts
Hibernate: drop table if exists user
Hibernate: create table posts (id bigint not null auto_increment, created_date datetime, modified_date datetime, author varchar(255), content TEXT not null, title varchar(500) not null, primary key (id)) engine=InnoDB
Hibernate: create table user (id bigint not null auto_increment, created_date datetime, modified_date datetime, email varchar(255) not null, name varchar(255) not null, picture varchar(255), role varchar(255) not null, primary key (id)) engine=InnoDB
2020-09-04 23:18:07.528  INFO 8780 --- [    Test worker] o.h.t.schema.internal.SchemaCreatorImpl  : HHH000476: Executing import script 'org.hibernate.tool.schema.internal.exec.ScriptSourceInputNonExistentImpl@77c2e372'
2020-09-04 23:18:07.529  INFO 8780 --- [    Test worker] j.LocalContainerEntityManagerFactoryBean : Initialized JPA EntityManagerFactory for persistence unit 'default'
2020-09-04 23:18:07.969  INFO 8780 --- [    Test worker] o.h.h.i.QueryTranslatorFactoryInitiator  : HHH000397: Using ASTQueryTranslatorFactory
2020-09-04 23:18:08.171  INFO 8780 --- [    Test worker] o.s.s.web.DefaultSecurityFilterChain     : Creating filter chain: any request, [org.springframework.security.web.context.request.async.WebAsyncManagerIntegrationFilter@62aae5cd, org.springframework.security.web.context.SecurityContextPersistenceFilter@3341e1fc, org.springframework.security.web.header.HeaderWriterFilter@55f9e71b, org.springframework.security.web.authentication.logout.LogoutFilter@27917227, org.springframework.security.oauth2.client.web.OAuth2AuthorizationRequestRedirectFilter@2f94abaf, org.springframework.security.oauth2.client.web.OAuth2LoginAuthenticationFilter@1cd349ca, org.springframework.security.web.authentication.ui.DefaultLoginPageGeneratingFilter@1be33ea6, org.springframework.security.web.authentication.ui.DefaultLogoutPageGeneratingFilter@7efa903e, org.springframework.security.web.savedrequest.RequestCacheAwareFilter@9a83b35, org.springframework.security.web.servletapi.SecurityContextHolderAwareRequestFilter@1373c424, org.springframework.security.web.authentication.AnonymousAuthenticationFilter@74b9859d, org.springframework.security.web.session.SessionManagementFilter@689c008c, org.springframework.security.web.access.ExceptionTranslationFilter@492e7fae, org.springframework.security.web.access.intercept.FilterSecurityInterceptor@1920ad93]
2020-09-04 23:18:08.424  INFO 8780 --- [    Test worker] o.s.s.concurrent.ThreadPoolTaskExecutor  : Initializing ExecutorService 'applicationTaskExecutor'
2020-09-04 23:18:08.438  WARN 8780 --- [    Test worker] aWebConfiguration$JpaWebMvcConfiguration : spring.jpa.open-in-view is enabled by default. Therefore, database queries may be performed during view rendering. Explicitly configure spring.jpa.open-in-view to disable this warning
2020-09-04 23:18:08.469  INFO 8780 --- [    Test worker] o.s.b.a.w.s.WelcomePageHandlerMapping    : Adding welcome page template: index
2020-09-04 23:18:08.773  INFO 8780 --- [    Test worker] s.a.ScheduledAnnotationBeanPostProcessor : No TaskScheduler/ScheduledExecutorService bean found for scheduled processing
2020-09-04 23:18:08.794  INFO 8780 --- [    Test worker] o.s.b.w.embedded.tomcat.TomcatWebServer  : Tomcat started on port(s): 12504 (http) with context path ''
2020-09-04 23:18:08.795  INFO 8780 --- [    Test worker] c.j.b.s.web.IndexControllerTest          : Started IndexControllerTest in 2.644 seconds (JVM running for 12.906)
2020-09-04 23:18:08.900  INFO 8780 --- [o-auto-1-exec-1] o.a.c.c.C.[Tomcat].[localhost].[/]       : Initializing Spring DispatcherServlet 'dispatcherServlet'
2020-09-04 23:18:08.900  INFO 8780 --- [o-auto-1-exec-1] o.s.web.servlet.DispatcherServlet        : Initializing Servlet 'dispatcherServlet'
2020-09-04 23:18:08.930  INFO 8780 --- [o-auto-1-exec-1] o.s.web.servlet.DispatcherServlet        : Completed initialization in 29 ms
Hibernate: select posts0_.id as id1_0_, posts0_.created_date as created_2_0_, posts0_.modified_date as modified3_0_, posts0_.author as author4_0_, posts0_.content as content5_0_, posts0_.title as title6_0_ from posts posts0_ order by posts0_.id DESC
]]></system-out>
  <system-err><![CDATA[]]></system-err>
</testsuite>
